<?xml version="1.0" encoding="utf-8"?><testsuites><testsuite name="pytest" errors="0" failures="0" skipped="0" tests="14" time="0.773" timestamp="2025-10-12T11:42:11.018605+00:00" hostname="runnervmwhb2z"><testcase classname="tests.test_anti_bruteforce" name="test_login_rate_limit_to_429" time="0.103" /><testcase classname="tests.test_errors_sanitized" name="test_password_not_in_logs" time="0.003" /><testcase classname="tests.test_errors_sanitized" name="test_internal_error_is_sanitized" time="0.005" /><testcase classname="tests.test_input_limits" name="test_search_query_too_long" time="0.002" /><testcase classname="tests.test_input_limits" name="test_login_username_too_long_49" time="0.002" /><testcase classname="tests.test_input_limits" name="test_login_password_too_long_129" time="0.002" /><testcase classname="tests.test_input_limits" name="test_login_username_password_at_max_edges_ok" time="0.004" /><testcase classname="tests.test_input_limits" name="test_login_empty_username_or_password" time="0.004" /><testcase classname="tests.test_login_positive" name="test_login_positive_inserts_seed_user" time="0.004" /><testcase classname="tests.test_login_sql_injection" name="test_login_should_not_allow_sql_injection" time="0.003" /><testcase classname="tests.test_search_sql_like" name="test_search_should_not_return_all_on_injection" time="0.005" /><testcase classname="tests.test_security_headers" name="test_security_headers_present" time="0.016" /><testcase classname="tests.test_validate_login" name="test_login_username_too_long" time="0.002" /><testcase classname="tests.test_xss_escaping" name="test_echo_should_escape_script_tags" time="0.003" /></testsuite></testsuites>